<?xml version="1.0" encoding="UTF-8"?>
<!-- Generated by org.testng.reporters.JUnitReportReporter -->
<testsuite skipped="0" hostname="hridyesh-Satellite-P745" name="TestNG" tests="1" failures="0" timestamp="15 Sep 2020 08:04:28 GMT" time="0.014" errors="0">
  <testcase name="f" time="0.014" classname="TestNG"/>
</testsuite> <!-- TestNG -->
