<?xml version="1.0" encoding="UTF-8"?>
<!-- Generated by org.testng.reporters.JUnitReportReporter -->
<testsuite skipped="0" hostname="hridyesh-Satellite-P745" name="TestNG.tc1" tests="1" failures="0" timestamp="14 Sep 2020 09:38:16 GMT" time="4.777" errors="0">
  <testcase name="verify" time="4.777" classname="TestNG.tc1"/>
</testsuite> <!-- TestNG.tc1 -->
