<?xml version="1.0" encoding="UTF-8"?>
<!-- Generated by org.testng.reporters.JUnitReportReporter -->
<testsuite skipped="0" hostname="hridyesh-Satellite-P745" name="TestNG.tc1" tests="1" failures="0" timestamp="13 Sep 2020 08:41:59 GMT" time="14.201" errors="0">
  <testcase name="verify" time="14.201" classname="TestNG.tc1"/>
</testsuite> <!-- TestNG.tc1 -->
