<?xml version="1.0" encoding="UTF-8"?>
<!-- Generated by org.testng.reporters.JUnitReportReporter -->
<testsuite skipped="0" hostname="hridyesh-Satellite-P745" name="TestNG.tc1" tests="1" failures="0" timestamp="15 Sep 2020 10:28:25 GMT" time="5.554" errors="0">
  <testcase name="verify" time="5.554" classname="TestNG.tc1"/>
</testsuite> <!-- TestNG.tc1 -->
